{"time":"2024-08-12T23:48:47.086167+05:00","level":"ERROR","msg":"GetUserProfile request error: rpc error: code = Unknown desc = sql: Scan error on column index 3, name \"date_of_birth\": converting NULL to string is unsupported"}
{"time":"2024-08-13T00:06:19.21059909+05:00","level":"ERROR","msg":"Claimni o'qishda xatolik: token contains an invalid number of segments"}
{"time":"2024-08-13T00:06:58.803564101+05:00","level":"ERROR","msg":"Claimni o'qishda xatolik: token contains an invalid number of segments"}
{"time":"2024-08-13T00:07:02.625331423+05:00","level":"ERROR","msg":"Claimni o'qishda xatolik: token contains an invalid number of segments"}
{"time":"2024-08-13T12:14:34.740586337+05:00","level":"ERROR","msg":"UpdateUserProfile request error: rpc error: code = Unknown desc = pq: date/time field value out of range: \"2014-14-03\""}
{"time":"2024-08-13T12:17:19.010865871+05:00","level":"ERROR","msg":"Claimni o'qishda xatolik: token contains an invalid number of segments"}
{"time":"2024-08-13T12:19:40.65623129+05:00","level":"ERROR","msg":"Claimni o'qishda xatolik: token contains an invalid number of segments"}
{"time":"2024-08-13T12:22:48.077378164+05:00","level":"ERROR","msg":"Claimni o'qishda xatolik: token contains an invalid number of segments"}
{"time":"2024-08-13T12:26:31.243631597+05:00","level":"ERROR","msg":"Claimni o'qishda xatolik: token contains an invalid number of segments"}
{"time":"2024-08-13T12:27:39.440325362+05:00","level":"ERROR","msg":"Claimni o'qishda xatolik: token contains an invalid number of segments"}
{"time":"2024-08-13T12:27:49.694067853+05:00","level":"ERROR","msg":"Claimni o'qishda xatolik: token contains an invalid number of segments"}
{"time":"2024-08-13T12:29:14.257372786+05:00","level":"ERROR","msg":"Claimni o'qishda xatolik: token contains an invalid number of segments"}
{"time":"2024-08-13T12:59:01.316091489+05:00","level":"ERROR","msg":"CreateMedicalRecord request error: rpc error: code = Unavailable desc = connection error: desc = \"error reading server preface: EOF\""}
{"time":"2024-08-13T13:03:21.365929189+05:00","level":"ERROR","msg":"CreateMedicalRecord request error: rpc error: code = Unavailable desc = connection error: desc = \"error reading server preface: EOF\""}
{"time":"2024-08-13T13:05:51.285153415+05:00","level":"ERROR","msg":"CreateMedicalRecord request error: rpc error: code = Unavailable desc = connection error: desc = \"error reading server preface: EOF\""}
{"time":"2024-08-13T13:11:06.355075185+05:00","level":"ERROR","msg":"CreateMedicalRecord request error: rpc error: code = Unavailable desc = connection error: desc = \"error reading server preface: EOF\""}
{"time":"2024-08-13T13:15:33.963423317+05:00","level":"ERROR","msg":"CreateMedicalRecord request error: rpc error: code = Unavailable desc = connection error: desc = \"error reading server preface: EOF\""}
{"time":"2024-08-13T13:20:27.856173086+05:00","level":"ERROR","msg":"CreateMedicalRecord request error: rpc error: code = Unavailable desc = connection error: desc = \"error reading server preface: EOF\""}
{"time":"2024-08-13T13:22:26.757383121+05:00","level":"ERROR","msg":"CreateMedicalRecord request error: rpc error: code = Unavailable desc = connection error: desc = \"error reading server preface: EOF\""}
{"time":"2024-08-13T13:23:51.748928847+05:00","level":"ERROR","msg":"CreateMedicalRecord request error: rpc error: code = Unavailable desc = connection error: desc = \"error reading server preface: EOF\""}
{"time":"2024-08-13T15:12:56.23071019+05:00","level":"ERROR","msg":"GetMedicalRecordById request error: rpc error: code = Unknown desc = mongo: no documents in result"}
{"time":"2024-08-13T15:18:16.092393686+05:00","level":"ERROR","msg":"GetMedicalRecordById request error: rpc error: code = Unknown desc = mongo: no documents in result"}
{"time":"2024-08-13T15:28:31.785836673+05:00","level":"ERROR","msg":"GetMedicalRecordById request error: rpc error: code = Unknown desc = mongo: no documents in result"}
{"time":"2024-08-13T15:30:45.949812269+05:00","level":"ERROR","msg":"GetMedicalRecordById request error: rpc error: code = Unknown desc = mongo: no documents in result"}
{"time":"2024-08-13T15:31:06.699202308+05:00","level":"ERROR","msg":"GetMedicalRecordById request error: rpc error: code = Unknown desc = mongo: no documents in result"}
{"time":"2024-08-13T15:32:48.22429928+05:00","level":"ERROR","msg":"GetMedicalRecordById request error: rpc error: code = Unknown desc = mongo: no documents in result"}
{"time":"2024-08-13T15:51:21.199421099+05:00","level":"ERROR","msg":"GetMedicalRecordById request error: rpc error: code = Unknown desc = mongo: no documents in result"}
{"time":"2024-08-13T17:57:27.215465825+05:00","level":"ERROR","msg":"GetMedicalRecordById request error: rpc error: code = Unknown desc = mongo: no documents in result"}
{"time":"2024-08-13T17:58:16.078873134+05:00","level":"ERROR","msg":"GetMedicalRecordById request error: rpc error: code = Unknown desc = mongo: no documents in result"}
{"time":"2024-08-13T18:22:52.034018989+05:00","level":"ERROR","msg":"Kafka bilan ma'lumotlarni yuborishda xatolik: [5] Leader Not Available: the cluster is in the middle of a leadership election and there is currently no leader for this partition and hence it is unavailable for writes"}
{"time":"2024-08-14T06:48:19.718671139+05:00","level":"ERROR","msg":"GetRealTimeHealth request error: rpc error: code = Unavailable desc = connection error: desc = \"transport: Error while dialing: dial tcp 127.0.0.1:6666: connect: connection refused\""}
{"time":"2024-08-14T06:49:16.524604382+05:00","level":"ERROR","msg":"GetRealTimeHealth request error: rpc error: code = Unavailable desc = connection error: desc = \"transport: Error while dialing: dial tcp 127.0.0.1:6666: connect: connection refused\""}
{"time":"2024-08-14T06:53:33.725558608+05:00","level":"ERROR","msg":"GetRealTimeHealth request error: rpc error: code = Unimplemented desc = method GetRealTimeHealth not implemented"}
{"time":"2024-08-14T06:54:19.465237373+05:00","level":"ERROR","msg":"GetRealTimeHealth request error: rpc error: code = Unimplemented desc = method GetRealTimeHealth not implemented"}
{"time":"2024-08-14T06:57:03.738771733+05:00","level":"ERROR","msg":"GetRealTimeHealth request error: rpc error: code = Unimplemented desc = method GetRealTimeHealth not implemented"}
{"time":"2024-08-14T07:03:38.032522718+05:00","level":"ERROR","msg":"GetRealTimeHealth request error: rpc error: code = Unavailable desc = error reading from server: EOF"}
{"time":"2024-08-14T07:06:48.460736819+05:00","level":"ERROR","msg":"GetRealTimeHealth request error: rpc error: code = Unavailable desc = error reading from server: EOF"}
{"time":"2024-08-14T07:11:34.154011174+05:00","level":"ERROR","msg":"GetRealTimeHealth request error: rpc error: code = Unavailable desc = error reading from server: EOF"}
{"time":"2024-08-14T07:13:22.234356674+05:00","level":"ERROR","msg":"GetRealTimeHealth request error: rpc error: code = Unknown desc = dial tcp: lookup l-redis on 127.0.0.53:53: server misbehaving"}
{"time":"2024-08-14T07:16:21.714936737+05:00","level":"ERROR","msg":"GetRealTimeHealth request error: rpc error: code = Unknown desc = redis: can't marshal *monitoring.MedicalRecord (implement encoding.BinaryMarshaler)"}
{"time":"2024-08-14T08:40:25.684697644+05:00","level":"ERROR","msg":"GetRealTimeHealth request error: rpc error: code = Unknown desc = redis.Scan(non-struct *string)"}
{"time":"2024-08-14T08:40:56.605681708+05:00","level":"ERROR","msg":"GetRealTimeHealth request error: rpc error: code = Unknown desc = redis.Scan(non-struct *[]uint8)"}
{"time":"2024-08-14T09:40:16.418222473+05:00","level":"ERROR","msg":"GetDailySummaryHealth request error: rpc error: code = Unavailable desc = connection error: desc = \"transport: Error while dialing: dial tcp 127.0.0.1:6666: connect: connection refused\""}
{"time":"2024-08-14T10:19:51.123611104+05:00","level":"ERROR","msg":"GetAllMedicalRecord request error: rpc error: code = Unknown desc = invalid start date format: parsing time \"qfqef\" as \"2006-01-02\": cannot parse \"qfqef\" as \"2006\""}
{"time":"2024-08-14T10:20:11.271834767+05:00","level":"ERROR","msg":"GetAllMedicalRecord request error: rpc error: code = Unknown desc = invalid start date format: parsing time \"45\" as \"2006-01-02\": cannot parse \"45\" as \"2006\""}
{"time":"2024-08-14T10:28:27.693330403+05:00","level":"ERROR","msg":"GetAllMedicalRecord request error: rpc error: code = Unknown desc = invalid start date format: parsing time \"wefqewf\" as \"2006-01-02\": cannot parse \"wefqewf\" as \"2006\""}
{"time":"2024-08-14T10:28:35.108548874+05:00","level":"ERROR","msg":"GetAllMedicalRecord request error: rpc error: code = Unknown desc = invalid start date format: parsing time \"45\" as \"2006-01-02\": cannot parse \"45\" as \"2006\""}
{"time":"2024-08-14T10:56:09.416823984+05:00","level":"ERROR","msg":"GetAllWearable request error: rpc error: code = Unavailable desc = connection error: desc = \"transport: Error while dialing: dial tcp 127.0.0.1:6666: connect: connection refused\""}
{"time":"2024-08-14T10:57:08.741878169+05:00","level":"ERROR","msg":"GetAllWearable request error: rpc error: code = Unavailable desc = connection error: desc = \"transport: Error while dialing: dial tcp 127.0.0.1:6666: connect: connection refused\""}
{"time":"2024-08-14T12:26:10.815387335+05:00","level":"ERROR","msg":"Adapter databazaga ulanmadi: invalid option: \"user\""}
{"time":"2024-08-14T12:26:10.816027455+05:00","level":"ERROR","msg":"invalid option: \"user\""}
{"time":"2024-08-14T12:28:29.623181721+05:00","level":"ERROR","msg":"Adapter databazaga ulanmadi: invalid option: \"host\""}
{"time":"2024-08-14T12:28:29.624075433+05:00","level":"ERROR","msg":"invalid option: \"host\""}
{"time":"2024-08-14T12:29:02.664036016+05:00","level":"ERROR","msg":"Adapter databazaga ulanmadi: invalid option: \"host\""}
{"time":"2024-08-14T12:29:02.664383153+05:00","level":"ERROR","msg":"invalid option: \"host\""}
{"time":"2024-08-14T12:29:10.618836025+05:00","level":"ERROR","msg":"Adapter databazaga ulanmadi: invalid option: \"host\""}
{"time":"2024-08-14T12:29:10.619715234+05:00","level":"ERROR","msg":"invalid option: \"host\""}
{"time":"2024-08-14T12:29:45.351844594+05:00","level":"ERROR","msg":"Adapter databazaga ulanmadi: invalid option: \"host\""}
{"time":"2024-08-14T12:29:45.352254902+05:00","level":"ERROR","msg":"invalid option: \"host\""}
{"time":"2024-08-14T12:34:50.517077394+05:00","level":"ERROR","msg":"Adapter databazaga ulanmadi: invalid option: \"host\""}
{"time":"2024-08-14T12:34:50.517714703+05:00","level":"ERROR","msg":"invalid option: \"host\""}
{"time":"2024-08-14T12:48:47.96404348+05:00","level":"ERROR","msg":"DeleteLifestyle request error: rpc error: code = Unavailable desc = connection error: desc = \"transport: Error while dialing: dial tcp 127.0.0.1:6666: connect: connection refused\""}
{"time":"2024-09-18T15:14:17.667861375+05:00","level":"ERROR","msg":"Service bilan bog'lanib bo'lmadi, CreateTwit request error: rpc error: code = Unavailable desc = dns: A record lookup error: lookup grpc-service on 127.0.0.53:53: server misbehaving"}
{"time":"2024-09-18T15:17:40.801909349+05:00","level":"ERROR","msg":"Service bilan bog'lanib bo'lmadi, UpdateTwit request error: rpc error: code = Unimplemented desc = method UpadateTwit not implemented"}
{"time":"2024-09-18T15:21:44.597779194+05:00","level":"ERROR","msg":"Service bilan bog'lanib bo'lmadi, UpdateTwit request error: rpc error: code = Unimplemented desc = unknown method UpdateTwit for service twit.TwitServiceClient"}
{"time":"2024-09-18T15:23:23.309446827+05:00","level":"ERROR","msg":"Service bilan bog'lanib bo'lmadi, UpdateTwit request error: rpc error: code = Unimplemented desc = unknown method UpdateTwit for service twit.TwitServiceClient"}
{"time":"2024-09-18T15:23:58.756038795+05:00","level":"ERROR","msg":"Service bilan bog'lanib bo'lmadi, UpdateTwit request error: rpc error: code = Unimplemented desc = unknown method UpdateTwit for service twit.TwitServiceClient"}
{"time":"2024-09-18T15:45:30.217938183+05:00","level":"ERROR","msg":"Service bilan bog'lanib bo'lmadi, DeleteTwit request error: rpc error: code = Internal desc = internal error"}
{"time":"2024-09-18T15:53:22.835485064+05:00","level":"ERROR","msg":"Service bilan bog'lanib bo'lmadi, DeleteTwit request error: rpc error: code = Internal desc = internal error"}
{"time":"2024-09-18T15:53:45.353126022+05:00","level":"ERROR","msg":"Service bilan bog'lanib bo'lmadi, DeleteTwit request error: rpc error: code = Internal desc = internal error"}
{"time":"2024-09-18T15:59:36.000754386+05:00","level":"ERROR","msg":"Ma'lumotlarni olishda xatolik: invalid character '1' in literal false (expecting 'a')"}
{"time":"2024-09-18T17:33:30.899994428+05:00","level":"ERROR","msg":"Service bilan bog'lanib bo'lmadi, AddLike request error: rpc error: code = Internal desc = internal error"}
{"time":"2024-09-18T17:34:54.909229416+05:00","level":"ERROR","msg":"Service bilan bog'lanib bo'lmadi, AddLike request error: rpc error: code = Internal desc = internal error"}
{"time":"2024-09-18T17:36:35.299760115+05:00","level":"ERROR","msg":"Service bilan bog'lanib bo'lmadi, AddLike request error: rpc error: code = Internal desc = internal error"}
{"time":"2024-09-18T17:37:13.203339306+05:00","level":"ERROR","msg":"Service bilan bog'lanib bo'lmadi, AddLike request error: rpc error: code = Internal desc = internal error"}
{"time":"2024-09-18T17:37:31.136484456+05:00","level":"ERROR","msg":"Service bilan bog'lanib bo'lmadi, AddLike request error: rpc error: code = Internal desc = internal error"}
{"time":"2024-09-18T17:41:50.860452212+05:00","level":"ERROR","msg":"Service bilan bog'lanib bo'lmadi, AddLike request error: rpc error: code = Internal desc = internal error"}
{"time":"2024-09-18T17:50:08.645509024+05:00","level":"ERROR","msg":"Service bilan bog'lanib bo'lmadi, AddLike request error: rpc error: code = Unavailable desc = connection error: desc = \"transport: Error while dialing: dial tcp 127.0.0.1:8082: connect: connection refused\""}
{"time":"2024-09-18T17:57:43.831446465+05:00","level":"ERROR","msg":"Service bilan bog'lanib bo'lmadi, AddLike request error: rpc error: code = Internal desc = internal error"}
{"time":"2024-09-18T17:59:10.362999348+05:00","level":"ERROR","msg":"Service bilan bog'lanib bo'lmadi, AddLike request error: rpc error: code = Internal desc = internal error"}
{"time":"2024-09-18T18:17:41.041385423+05:00","level":"ERROR","msg":"Service bilan bog'lanib bo'lmadi, AddLike request error: rpc error: code = Internal desc = internal error"}
{"time":"2024-09-18T18:17:44.78735384+05:00","level":"ERROR","msg":"Service bilan bog'lanib bo'lmadi, AddLike request error: rpc error: code = Internal desc = internal error"}
{"time":"2024-09-18T18:18:07.290955536+05:00","level":"ERROR","msg":"Service bilan bog'lanib bo'lmadi, AddLike request error: rpc error: code = Internal desc = internal error"}
{"time":"2024-09-18T18:18:45.670170882+05:00","level":"ERROR","msg":"Service bilan bog'lanib bo'lmadi, AddLike request error: rpc error: code = Internal desc = internal error"}
{"time":"2024-09-18T18:19:42.442469896+05:00","level":"ERROR","msg":"Service bilan bog'lanib bo'lmadi, AddLike request error: rpc error: code = Internal desc = internal error"}
{"time":"2024-09-18T18:25:56.842038907+05:00","level":"ERROR","msg":"Ma'lumotlarni olishda xatolik: EOF"}
{"time":"2024-09-18T18:30:59.12039306+05:00","level":"ERROR","msg":"Ma'lumotlarni olishda xatolik: EOF"}
{"time":"2024-09-18T18:37:42.420166416+05:00","level":"ERROR","msg":"AddFollowing request error: rpc error: code = Unimplemented desc = method AddFollowing not implemented"}
{"time":"2024-09-19T08:37:30.744263257+05:00","level":"ERROR","msg":"Limit uchun noto'gri ma'lumot kiritildi: strconv.Atoi: parsing \"\": invalid syntax"}
{"time":"2024-09-19T08:44:55.999002698+05:00","level":"ERROR","msg":"Limit uchun noto'gri ma'lumot kiritildi: strconv.Atoi: parsing \"\": invalid syntax"}
{"time":"2024-09-19T08:46:15.76709476+05:00","level":"ERROR","msg":"Limit uchun noto'gri ma'lumot kiritildi: strconv.Atoi: parsing \"\": invalid syntax"}
{"time":"2024-09-19T08:54:49.702708869+05:00","level":"ERROR","msg":"Limit uchun noto'gri ma'lumot kiritildi: strconv.Atoi: parsing \"\": invalid syntax"}
{"time":"2024-09-19T08:55:15.303304579+05:00","level":"ERROR","msg":"Limit uchun noto'gri ma'lumot kiritildi: strconv.Atoi: parsing \"\": invalid syntax"}
{"time":"2024-09-19T08:57:17.320024832+05:00","level":"ERROR","msg":"Limit uchun noto'gri ma'lumot kiritildi: strconv.Atoi: parsing \"\": invalid syntax"}
{"time":"2024-09-19T08:57:47.780029111+05:00","level":"ERROR","msg":"Limit uchun noto'gri ma'lumot kiritildi: strconv.Atoi: parsing \"\": invalid syntax"}
{"time":"2024-09-19T08:58:30.590681037+05:00","level":"ERROR","msg":"Limit uchun noto'gri ma'lumot kiritildi: strconv.Atoi: parsing \"\": invalid syntax"}
{"time":"2024-09-19T08:59:22.495471238+05:00","level":"INFO","msg":"10"}
{"time":"2024-09-19T09:05:06.618718489+05:00","level":"ERROR","msg":"Limit uchun noto'gri ma'lumot kiritildi: strconv.Atoi: parsing \"\": invalid syntax"}
{"time":"2024-09-19T09:07:29.314105979+05:00","level":"ERROR","msg":"GetFollowers request error: rpc error: code = Unknown desc = pq: column \"updated_at\" does not exist"}
